<?xml version="1.0" encoding="UTF-8"?>
<coverage generated="1669485774834" clover="3.2.0">
  <project timestamp="1669485774834" name="All files">
    <metrics statements="63" coveredstatements="54" conditionals="34" coveredconditionals="30" methods="22" coveredmethods="18" elements="119" coveredelements="102" complexity="0" loc="63" ncloc="63" packages="3" files="9" classes="9"/>
    <package name="src">
      <metrics statements="60" coveredstatements="51" conditionals="34" coveredconditionals="30" methods="20" coveredmethods="16"/>
      <file name="App.tsx" path="/home/josh/Desktop/COS520/TeamC/Unintegrated Backend/josh/src/App.tsx">
        <metrics statements="1" coveredstatements="1" conditionals="0" coveredconditionals="0" methods="1" coveredmethods="1"/>
        <line num="8" count="1" type="stmt"/>
      </file>
      <file name="example.ts" path="/home/josh/Desktop/COS520/TeamC/Unintegrated Backend/josh/src/example.ts">
        <metrics statements="7" coveredstatements="0" conditionals="2" coveredconditionals="0" methods="3" coveredmethods="0"/>
        <line num="17" count="0" type="stmt"/>
        <line num="18" count="0" type="stmt"/>
        <line num="21" count="0" type="stmt"/>
        <line num="22" count="0" type="stmt"/>
        <line num="24" count="0" type="cond" truecount="0" falsecount="2"/>
        <line num="26" count="0" type="stmt"/>
        <line num="31" count="0" type="stmt"/>
      </file>
      <file name="importExport.ts" path="/home/josh/Desktop/COS520/TeamC/Unintegrated Backend/josh/src/importExport.ts">
        <metrics statements="31" coveredstatements="30" conditionals="17" coveredconditionals="16" methods="8" coveredmethods="8"/>
        <line num="22" count="5" type="cond" truecount="1" falsecount="1"/>
        <line num="23" count="0" type="stmt"/>
        <line num="25" count="5" type="cond" truecount="2" falsecount="0"/>
        <line num="26" count="1" type="stmt"/>
        <line num="28" count="4" type="cond" truecount="2" falsecount="0"/>
        <line num="29" count="6" type="stmt"/>
        <line num="30" count="2" type="cond" truecount="2" falsecount="0"/>
        <line num="31" count="1" type="stmt"/>
        <line num="34" count="3" type="stmt"/>
        <line num="35" count="3" type="stmt"/>
        <line num="36" count="3" type="stmt"/>
        <line num="40" count="8" type="stmt"/>
        <line num="43" count="3" type="stmt"/>
        <line num="46" count="3" type="stmt"/>
        <line num="50" count="3" type="stmt"/>
        <line num="61" count="7" type="stmt"/>
        <line num="62" count="7" type="stmt"/>
        <line num="63" count="7" type="stmt"/>
        <line num="64" count="20" type="stmt"/>
        <line num="66" count="7" type="stmt"/>
        <line num="79" count="6" type="stmt"/>
        <line num="80" count="6" type="stmt"/>
        <line num="81" count="18" type="stmt"/>
        <line num="82" count="18" type="cond" truecount="2" falsecount="0"/>
        <line num="83" count="15" type="stmt"/>
        <line num="84" count="43" type="cond" truecount="2" falsecount="0"/>
        <line num="85" count="7" type="stmt"/>
        <line num="88" count="15" type="cond" truecount="2" falsecount="0"/>
        <line num="89" count="8" type="stmt"/>
        <line num="93" count="3" type="stmt"/>
        <line num="96" count="6" type="stmt"/>
      </file>
      <file name="scheduler.ts" path="/home/josh/Desktop/COS520/TeamC/Unintegrated Backend/josh/src/scheduler.ts">
        <metrics statements="1" coveredstatements="1" conditionals="1" coveredconditionals="1" methods="2" coveredmethods="1"/>
        <line num="31" count="1" type="stmt"/>
      </file>
      <file name="utils.ts" path="/home/josh/Desktop/COS520/TeamC/Unintegrated Backend/josh/src/utils.ts">
        <metrics statements="20" coveredstatements="19" conditionals="14" coveredconditionals="13" methods="6" coveredmethods="6"/>
        <line num="7" count="3" type="stmt"/>
        <line num="10" count="47" type="cond" truecount="1" falsecount="1"/>
        <line num="11" count="0" type="stmt"/>
        <line num="13" count="47" type="stmt"/>
        <line num="14" count="47" type="stmt"/>
        <line num="15" count="141" type="cond" truecount="2" falsecount="0"/>
        <line num="16" count="6" type="stmt"/>
        <line num="19" count="47" type="stmt"/>
        <line num="24" count="85" type="cond" truecount="4" falsecount="0"/>
        <line num="28" count="85" type="stmt"/>
        <line num="32" count="14" type="stmt"/>
        <line num="33" count="14" type="cond" truecount="4" falsecount="0"/>
        <line num="34" count="2" type="stmt"/>
        <line num="37" count="12" type="stmt"/>
        <line num="38" count="36" type="cond" truecount="2" falsecount="0"/>
        <line num="39" count="3" type="stmt"/>
        <line num="43" count="14" type="stmt"/>
        <line num="48" count="20" type="stmt"/>
        <line num="49" count="20" type="stmt"/>
        <line num="55" count="20" type="stmt"/>
      </file>
    </package>
    <package name="src.components">
      <metrics statements="3" coveredstatements="3" conditionals="0" coveredconditionals="0" methods="2" coveredmethods="2"/>
      <file name="Counter.tsx" path="/home/josh/Desktop/COS520/TeamC/Unintegrated Backend/josh/src/components/Counter.tsx">
        <metrics statements="3" coveredstatements="3" conditionals="0" coveredconditionals="0" methods="2" coveredmethods="2"/>
        <line num="5" count="9" type="stmt"/>
        <line num="6" count="9" type="stmt"/>
        <line num="8" count="3" type="stmt"/>
      </file>
    </package>
    <package name="src.interfaces">
      <metrics statements="0" coveredstatements="0" conditionals="0" coveredconditionals="0" methods="0" coveredmethods="0"/>
      <file name="answer.ts" path="/home/josh/Desktop/COS520/TeamC/Unintegrated Backend/josh/src/interfaces/answer.ts">
        <metrics statements="0" coveredstatements="0" conditionals="0" coveredconditionals="0" methods="0" coveredmethods="0"/>
      </file>
      <file name="card.ts" path="/home/josh/Desktop/COS520/TeamC/Unintegrated Backend/josh/src/interfaces/card.ts">
        <metrics statements="0" coveredstatements="0" conditionals="0" coveredconditionals="0" methods="0" coveredmethods="0"/>
      </file>
      <file name="question.ts" path="/home/josh/Desktop/COS520/TeamC/Unintegrated Backend/josh/src/interfaces/question.ts">
        <metrics statements="0" coveredstatements="0" conditionals="0" coveredconditionals="0" methods="0" coveredmethods="0"/>
      </file>
    </package>
  </project>
</coverage>
