{"/home/josh/Desktop/COS520/TeamC/Unintegrated Backend/josh/src/App.tsx": {"path":"/home/josh/Desktop/COS520/TeamC/Unintegrated Backend/josh/src/App.tsx","statementMap":{"0":{"start":{"line":8,"column":4},"end":{"line":17,"column":6}}},"fnMap":{"0":{"name":"App","decl":{"start":{"line":7,"column":9},"end":{"line":7,"column":12}},"loc":{"start":{"line":7,"column":28},"end":{"line":18,"column":1}},"line":7}},"branchMap":{},"s":{"0":1},"f":{"0":1},"b":{},"_coverageSchema":"1a1c01bbd47fc00a2c39e90264f33305004495a9","hash":"2f90c54ae61263e653815705e98003283a458794"}
,"/home/josh/Desktop/COS520/TeamC/Unintegrated Backend/josh/src/example.ts": {"path":"/home/josh/Desktop/COS520/TeamC/Unintegrated Backend/josh/src/example.ts","statementMap":{"0":{"start":{"line":17,"column":25},"end":{"line":19,"column":5}},"1":{"start":{"line":18,"column":43},"end":{"line":18,"column":58}},"2":{"start":{"line":21,"column":18},"end":{"line":23,"column":5}},"3":{"start":{"line":22,"column":41},"end":{"line":22,"column":65}},"4":{"start":{"line":24,"column":4},"end":{"line":27,"column":5}},"5":{"start":{"line":26,"column":8},"end":{"line":26,"column":29}},"6":{"start":{"line":31,"column":4},"end":{"line":31,"column":24}}},"fnMap":{"0":{"name":"renameQuestionById","decl":{"start":{"line":11,"column":16},"end":{"line":11,"column":34}},"loc":{"start":{"line":15,"column":14},"end":{"line":32,"column":1}},"line":15},"1":{"name":"(anonymous_1)","decl":{"start":{"line":18,"column":8},"end":{"line":18,"column":9}},"loc":{"start":{"line":18,"column":43},"end":{"line":18,"column":58}},"line":18},"2":{"name":"(anonymous_2)","decl":{"start":{"line":22,"column":8},"end":{"line":22,"column":9}},"loc":{"start":{"line":22,"column":41},"end":{"line":22,"column":65}},"line":22}},"branchMap":{"0":{"loc":{"start":{"line":24,"column":4},"end":{"line":27,"column":5}},"type":"if","locations":[{"start":{"line":24,"column":4},"end":{"line":27,"column":5}},{"start":{},"end":{}}],"line":24}},"s":{"0":0,"1":0,"2":0,"3":0,"4":0,"5":0,"6":0},"f":{"0":0,"1":0,"2":0},"b":{"0":[0,0]}}
,"/home/josh/Desktop/COS520/TeamC/Unintegrated Backend/josh/src/importExport.ts": {"path":"/home/josh/Desktop/COS520/TeamC/Unintegrated Backend/josh/src/importExport.ts","statementMap":{"0":{"start":{"line":22,"column":4},"end":{"line":24,"column":5}},"1":{"start":{"line":23,"column":8},"end":{"line":23,"column":33}},"2":{"start":{"line":25,"column":4},"end":{"line":33,"column":5}},"3":{"start":{"line":26,"column":8},"end":{"line":26,"column":21}},"4":{"start":{"line":28,"column":9},"end":{"line":33,"column":5}},"5":{"start":{"line":29,"column":8},"end":{"line":29,"column":82}},"6":{"start":{"line":29,"column":54},"end":{"line":29,"column":81}},"7":{"start":{"line":30,"column":8},"end":{"line":32,"column":9}},"8":{"start":{"line":31,"column":12},"end":{"line":31,"column":25}},"9":{"start":{"line":34,"column":29},"end":{"line":34,"column":31}},"10":{"start":{"line":35,"column":30},"end":{"line":35,"column":32}},"11":{"start":{"line":36,"column":4},"end":{"line":41,"column":10}},"12":{"start":{"line":40,"column":8},"end":{"line":40,"column":118}},"13":{"start":{"line":43,"column":4},"end":{"line":43,"column":40}},"14":{"start":{"line":46,"column":4},"end":{"line":46,"column":58}},"15":{"start":{"line":50,"column":4},"end":{"line":50,"column":16}},"16":{"start":{"line":61,"column":35},"end":{"line":61,"column":71}},"17":{"start":{"line":62,"column":47},"end":{"line":62,"column":76}},"18":{"start":{"line":63,"column":34},"end":{"line":65,"column":5}},"19":{"start":{"line":64,"column":8},"end":{"line":64,"column":32}},"20":{"start":{"line":66,"column":4},"end":{"line":66,"column":25}},"21":{"start":{"line":79,"column":34},"end":{"line":79,"column":70}},"22":{"start":{"line":80,"column":4},"end":{"line":95,"column":6}},"23":{"start":{"line":81,"column":33},"end":{"line":81,"column":38}},"24":{"start":{"line":82,"column":8},"end":{"line":94,"column":9}},"25":{"start":{"line":83,"column":12},"end":{"line":87,"column":14}},"26":{"start":{"line":84,"column":16},"end":{"line":86,"column":17}},"27":{"start":{"line":85,"column":20},"end":{"line":85,"column":37}},"28":{"start":{"line":88,"column":12},"end":{"line":90,"column":13}},"29":{"start":{"line":89,"column":16},"end":{"line":89,"column":128}},"30":{"start":{"line":93,"column":12},"end":{"line":93,"column":109}},"31":{"start":{"line":96,"column":4},"end":{"line":96,"column":22}}},"fnMap":{"0":{"name":"exportCards","decl":{"start":{"line":17,"column":16},"end":{"line":17,"column":27}},"loc":{"start":{"line":21,"column":11},"end":{"line":51,"column":1}},"line":21},"1":{"name":"(anonymous_1)","decl":{"start":{"line":29,"column":29},"end":{"line":29,"column":30}},"loc":{"start":{"line":29,"column":54},"end":{"line":29,"column":81}},"line":29},"2":{"name":"(anonymous_2)","decl":{"start":{"line":36,"column":14},"end":{"line":36,"column":15}},"loc":{"start":{"line":40,"column":8},"end":{"line":40,"column":118}},"line":40},"3":{"name":"loadCardsFromTxt","decl":{"start":{"line":57,"column":17},"end":{"line":57,"column":33}},"loc":{"start":{"line":60,"column":10},"end":{"line":67,"column":1}},"line":60},"4":{"name":"(anonymous_4)","decl":{"start":{"line":63,"column":63},"end":{"line":63,"column":64}},"loc":{"start":{"line":64,"column":8},"end":{"line":64,"column":32}},"line":64},"5":{"name":"importCards","decl":{"start":{"line":74,"column":17},"end":{"line":74,"column":28}},"loc":{"start":{"line":78,"column":10},"end":{"line":97,"column":1}},"line":78},"6":{"name":"(anonymous_6)","decl":{"start":{"line":80,"column":22},"end":{"line":80,"column":23}},"loc":{"start":{"line":80,"column":44},"end":{"line":95,"column":5}},"line":80},"7":{"name":"(anonymous_7)","decl":{"start":{"line":83,"column":27},"end":{"line":83,"column":28}},"loc":{"start":{"line":83,"column":59},"end":{"line":87,"column":13}},"line":83}},"branchMap":{"0":{"loc":{"start":{"line":20,"column":4},"end":{"line":20,"column":23}},"type":"default-arg","locations":[{"start":{"line":20,"column":21},"end":{"line":20,"column":23}}],"line":20},"1":{"loc":{"start":{"line":22,"column":4},"end":{"line":24,"column":5}},"type":"if","locations":[{"start":{"line":22,"column":4},"end":{"line":24,"column":5}},{"start":{},"end":{}}],"line":22},"2":{"loc":{"start":{"line":25,"column":4},"end":{"line":33,"column":5}},"type":"if","locations":[{"start":{"line":25,"column":4},"end":{"line":33,"column":5}},{"start":{"line":28,"column":9},"end":{"line":33,"column":5}}],"line":25},"3":{"loc":{"start":{"line":28,"column":9},"end":{"line":33,"column":5}},"type":"if","locations":[{"start":{"line":28,"column":9},"end":{"line":33,"column":5}},{"start":{},"end":{}}],"line":28},"4":{"loc":{"start":{"line":30,"column":8},"end":{"line":32,"column":9}},"type":"if","locations":[{"start":{"line":30,"column":8},"end":{"line":32,"column":9}},{"start":{},"end":{}}],"line":30},"5":{"loc":{"start":{"line":59,"column":4},"end":{"line":59,"column":25}},"type":"default-arg","locations":[{"start":{"line":59,"column":23},"end":{"line":59,"column":25}}],"line":59},"6":{"loc":{"start":{"line":77,"column":4},"end":{"line":77,"column":25}},"type":"default-arg","locations":[{"start":{"line":77,"column":23},"end":{"line":77,"column":25}}],"line":77},"7":{"loc":{"start":{"line":82,"column":8},"end":{"line":94,"column":9}},"type":"if","locations":[{"start":{"line":82,"column":8},"end":{"line":94,"column":9}},{"start":{"line":92,"column":13},"end":{"line":94,"column":9}}],"line":82},"8":{"loc":{"start":{"line":84,"column":16},"end":{"line":86,"column":17}},"type":"if","locations":[{"start":{"line":84,"column":16},"end":{"line":86,"column":17}},{"start":{},"end":{}}],"line":84},"9":{"loc":{"start":{"line":88,"column":12},"end":{"line":90,"column":13}},"type":"if","locations":[{"start":{"line":88,"column":12},"end":{"line":90,"column":13}},{"start":{},"end":{}}],"line":88}},"s":{"0":5,"1":0,"2":5,"3":1,"4":4,"5":2,"6":6,"7":2,"8":1,"9":3,"10":3,"11":3,"12":8,"13":3,"14":3,"15":3,"16":7,"17":7,"18":7,"19":20,"20":7,"21":6,"22":6,"23":18,"24":18,"25":15,"26":43,"27":7,"28":15,"29":8,"30":3,"31":6},"f":{"0":5,"1":6,"2":8,"3":7,"4":20,"5":6,"6":18,"7":43},"b":{"0":[2],"1":[0,5],"2":[1,4],"3":[2,2],"4":[1,1],"5":[1],"6":[6],"7":[15,3],"8":[7,36],"9":[8,7]},"_coverageSchema":"1a1c01bbd47fc00a2c39e90264f33305004495a9","hash":"a1a0eda237961792f95b6008781cd826ee0b9eca"}
,"/home/josh/Desktop/COS520/TeamC/Unintegrated Backend/josh/src/scheduler.ts": {"path":"/home/josh/Desktop/COS520/TeamC/Unintegrated Backend/josh/src/scheduler.ts","statementMap":{"0":{"start":{"line":31,"column":4},"end":{"line":31,"column":14}}},"fnMap":{"0":{"name":"scheduler","decl":{"start":{"line":12,"column":17},"end":{"line":12,"column":26}},"loc":{"start":{"line":16,"column":8},"end":{"line":18,"column":1}},"line":16},"1":{"name":"sortAccuracy","decl":{"start":{"line":27,"column":17},"end":{"line":27,"column":29}},"loc":{"start":{"line":30,"column":10},"end":{"line":32,"column":1}},"line":30}},"branchMap":{"0":{"loc":{"start":{"line":29,"column":4},"end":{"line":29,"column":29}},"type":"default-arg","locations":[{"start":{"line":29,"column":25},"end":{"line":29,"column":29}}],"line":29}},"s":{"0":1},"f":{"0":0,"1":1},"b":{"0":[1]},"_coverageSchema":"1a1c01bbd47fc00a2c39e90264f33305004495a9","hash":"c5c6335db2755b87bfd8316d5a5a941f750e584f"}
,"/home/josh/Desktop/COS520/TeamC/Unintegrated Backend/josh/src/utils.ts": {"path":"/home/josh/Desktop/COS520/TeamC/Unintegrated Backend/josh/src/utils.ts","statementMap":{"0":{"start":{"line":7,"column":34},"end":{"line":7,"column":52}},"1":{"start":{"line":10,"column":4},"end":{"line":12,"column":5}},"2":{"start":{"line":11,"column":8},"end":{"line":11,"column":21}},"3":{"start":{"line":13,"column":18},"end":{"line":13,"column":22}},"4":{"start":{"line":14,"column":4},"end":{"line":18,"column":7}},"5":{"start":{"line":15,"column":8},"end":{"line":17,"column":9}},"6":{"start":{"line":16,"column":12},"end":{"line":16,"column":28}},"7":{"start":{"line":19,"column":4},"end":{"line":19,"column":19}},"8":{"start":{"line":24,"column":8},"end":{"line":27,"column":45}},"9":{"start":{"line":28,"column":4},"end":{"line":28,"column":19}},"10":{"start":{"line":32,"column":27},"end":{"line":32,"column":31}},"11":{"start":{"line":33,"column":4},"end":{"line":42,"column":5}},"12":{"start":{"line":34,"column":8},"end":{"line":34,"column":24}},"13":{"start":{"line":37,"column":8},"end":{"line":41,"column":11}},"14":{"start":{"line":38,"column":12},"end":{"line":40,"column":13}},"15":{"start":{"line":39,"column":16},"end":{"line":39,"column":32}},"16":{"start":{"line":43,"column":4},"end":{"line":43,"column":19}},"17":{"start":{"line":48,"column":32},"end":{"line":48,"column":51}},"18":{"start":{"line":49,"column":23},"end":{"line":54,"column":5}},"19":{"start":{"line":55,"column":4},"end":{"line":55,"column":16}}},"fnMap":{"0":{"name":"arrayEquality","decl":{"start":{"line":9,"column":16},"end":{"line":9,"column":29}},"loc":{"start":{"line":9,"column":79},"end":{"line":20,"column":1}},"line":9},"1":{"name":"(anonymous_1)","decl":{"start":{"line":14,"column":17},"end":{"line":14,"column":18}},"loc":{"start":{"line":14,"column":58},"end":{"line":18,"column":5}},"line":14},"2":{"name":"cardEquality","decl":{"start":{"line":22,"column":16},"end":{"line":22,"column":28}},"loc":{"start":{"line":22,"column":68},"end":{"line":29,"column":1}},"line":22},"3":{"name":"deckEquality","decl":{"start":{"line":31,"column":16},"end":{"line":31,"column":28}},"loc":{"start":{"line":31,"column":72},"end":{"line":44,"column":1}},"line":31},"4":{"name":"(anonymous_4)","decl":{"start":{"line":37,"column":20},"end":{"line":37,"column":21}},"loc":{"start":{"line":37,"column":57},"end":{"line":41,"column":9}},"line":37},"5":{"name":"stringToCard","decl":{"start":{"line":47,"column":16},"end":{"line":47,"column":28}},"loc":{"start":{"line":47,"column":51},"end":{"line":56,"column":1}},"line":47}},"branchMap":{"0":{"loc":{"start":{"line":10,"column":4},"end":{"line":12,"column":5}},"type":"if","locations":[{"start":{"line":10,"column":4},"end":{"line":12,"column":5}},{"start":{},"end":{}}],"line":10},"1":{"loc":{"start":{"line":15,"column":8},"end":{"line":17,"column":9}},"type":"if","locations":[{"start":{"line":15,"column":8},"end":{"line":17,"column":9}},{"start":{},"end":{}}],"line":15},"2":{"loc":{"start":{"line":24,"column":8},"end":{"line":27,"column":45}},"type":"binary-expr","locations":[{"start":{"line":24,"column":8},"end":{"line":24,"column":39}},{"start":{"line":25,"column":8},"end":{"line":25,"column":37}},{"start":{"line":26,"column":8},"end":{"line":26,"column":51}},{"start":{"line":27,"column":8},"end":{"line":27,"column":45}}],"line":24},"3":{"loc":{"start":{"line":33,"column":4},"end":{"line":42,"column":5}},"type":"if","locations":[{"start":{"line":33,"column":4},"end":{"line":42,"column":5}},{"start":{"line":36,"column":9},"end":{"line":42,"column":5}}],"line":33},"4":{"loc":{"start":{"line":33,"column":8},"end":{"line":33,"column":65}},"type":"binary-expr","locations":[{"start":{"line":33,"column":8},"end":{"line":33,"column":28}},{"start":{"line":33,"column":32},"end":{"line":33,"column":65}}],"line":33},"5":{"loc":{"start":{"line":38,"column":12},"end":{"line":40,"column":13}},"type":"if","locations":[{"start":{"line":38,"column":12},"end":{"line":40,"column":13}},{"start":{},"end":{}}],"line":38}},"s":{"0":3,"1":47,"2":0,"3":47,"4":47,"5":141,"6":6,"7":47,"8":85,"9":85,"10":14,"11":14,"12":2,"13":12,"14":36,"15":3,"16":14,"17":20,"18":20,"19":20},"f":{"0":47,"1":141,"2":85,"3":14,"4":36,"5":20},"b":{"0":[0,47],"1":[6,135],"2":[85,47,45,43],"3":[2,12],"4":[14,13],"5":[3,33]},"_coverageSchema":"1a1c01bbd47fc00a2c39e90264f33305004495a9","hash":"564c6b96002f4aec003179214e9bf6d959cced31"}
,"/home/josh/Desktop/COS520/TeamC/Unintegrated Backend/josh/src/components/Counter.tsx": {"path":"/home/josh/Desktop/COS520/TeamC/Unintegrated Backend/josh/src/components/Counter.tsx","statementMap":{"0":{"start":{"line":5,"column":30},"end":{"line":5,"column":49}},"1":{"start":{"line":6,"column":4},"end":{"line":11,"column":6}},"2":{"start":{"line":8,"column":35},"end":{"line":8,"column":54}}},"fnMap":{"0":{"name":"Counter","decl":{"start":{"line":4,"column":16},"end":{"line":4,"column":23}},"loc":{"start":{"line":4,"column":39},"end":{"line":12,"column":1}},"line":4},"1":{"name":"(anonymous_1)","decl":{"start":{"line":8,"column":29},"end":{"line":8,"column":30}},"loc":{"start":{"line":8,"column":35},"end":{"line":8,"column":54}},"line":8}},"branchMap":{},"s":{"0":9,"1":9,"2":3},"f":{"0":9,"1":3},"b":{},"_coverageSchema":"1a1c01bbd47fc00a2c39e90264f33305004495a9","hash":"8aacb3d84d8be2b57b4325bdbd77e44066070158"}
,"/home/josh/Desktop/COS520/TeamC/Unintegrated Backend/josh/src/interfaces/answer.ts": {"path":"/home/josh/Desktop/COS520/TeamC/Unintegrated Backend/josh/src/interfaces/answer.ts","statementMap":{},"fnMap":{},"branchMap":{},"s":{},"f":{},"b":{}}
,"/home/josh/Desktop/COS520/TeamC/Unintegrated Backend/josh/src/interfaces/card.ts": {"path":"/home/josh/Desktop/COS520/TeamC/Unintegrated Backend/josh/src/interfaces/card.ts","statementMap":{},"fnMap":{},"branchMap":{},"s":{},"f":{},"b":{}}
,"/home/josh/Desktop/COS520/TeamC/Unintegrated Backend/josh/src/interfaces/question.ts": {"path":"/home/josh/Desktop/COS520/TeamC/Unintegrated Backend/josh/src/interfaces/question.ts","statementMap":{},"fnMap":{},"branchMap":{},"s":{},"f":{},"b":{}}
}
