TN:
SF:src/App.tsx
FN:7,App
FNF:1
FNH:1
FNDA:1,App
DA:8,1
LF:1
LH:1
BRF:0
BRH:0
end_of_record
TN:
SF:src/example.ts
FN:11,renameQuestionById
FN:18,(anonymous_1)
FN:22,(anonymous_2)
FNF:3
FNH:0
FNDA:0,renameQuestionById
FNDA:0,(anonymous_1)
FNDA:0,(anonymous_2)
DA:17,0
DA:18,0
DA:21,0
DA:22,0
DA:24,0
DA:26,0
DA:31,0
LF:7
LH:0
BRDA:24,0,0,0
BRDA:24,0,1,0
BRF:2
BRH:0
end_of_record
TN:
SF:src/importExport.ts
FN:17,exportCards
FN:29,(anonymous_1)
FN:36,(anonymous_2)
FN:57,loadCardsFromTxt
FN:63,(anonymous_4)
FN:74,importCards
FN:80,(anonymous_6)
FN:83,(anonymous_7)
FNF:8
FNH:8
FNDA:5,exportCards
FNDA:6,(anonymous_1)
FNDA:8,(anonymous_2)
FNDA:7,loadCardsFromTxt
FNDA:20,(anonymous_4)
FNDA:6,importCards
FNDA:18,(anonymous_6)
FNDA:43,(anonymous_7)
DA:22,5
DA:23,0
DA:25,5
DA:26,1
DA:28,4
DA:29,6
DA:30,2
DA:31,1
DA:34,3
DA:35,3
DA:36,3
DA:40,8
DA:43,3
DA:46,3
DA:50,3
DA:61,7
DA:62,7
DA:63,7
DA:64,20
DA:66,7
DA:79,6
DA:80,6
DA:81,18
DA:82,18
DA:83,15
DA:84,43
DA:85,7
DA:88,15
DA:89,8
DA:93,3
DA:96,6
LF:31
LH:30
BRDA:20,0,0,2
BRDA:22,1,0,0
BRDA:22,1,1,5
BRDA:25,2,0,1
BRDA:25,2,1,4
BRDA:28,3,0,2
BRDA:28,3,1,2
BRDA:30,4,0,1
BRDA:30,4,1,1
BRDA:59,5,0,1
BRDA:77,6,0,6
BRDA:82,7,0,15
BRDA:82,7,1,3
BRDA:84,8,0,7
BRDA:84,8,1,36
BRDA:88,9,0,8
BRDA:88,9,1,7
BRF:17
BRH:16
end_of_record
TN:
SF:src/scheduler.ts
FN:12,scheduler
FN:27,sortAccuracy
FNF:2
FNH:1
FNDA:0,scheduler
FNDA:1,sortAccuracy
DA:31,1
LF:1
LH:1
BRDA:29,0,0,1
BRF:1
BRH:1
end_of_record
TN:
SF:src/utils.ts
FN:9,arrayEquality
FN:14,(anonymous_1)
FN:22,cardEquality
FN:31,deckEquality
FN:37,(anonymous_4)
FN:47,stringToCard
FNF:6
FNH:6
FNDA:47,arrayEquality
FNDA:141,(anonymous_1)
FNDA:85,cardEquality
FNDA:14,deckEquality
FNDA:36,(anonymous_4)
FNDA:20,stringToCard
DA:7,3
DA:10,47
DA:11,0
DA:13,47
DA:14,47
DA:15,141
DA:16,6
DA:19,47
DA:24,85
DA:28,85
DA:32,14
DA:33,14
DA:34,2
DA:37,12
DA:38,36
DA:39,3
DA:43,14
DA:48,20
DA:49,20
DA:55,20
LF:20
LH:19
BRDA:10,0,0,0
BRDA:10,0,1,47
BRDA:15,1,0,6
BRDA:15,1,1,135
BRDA:24,2,0,85
BRDA:24,2,1,47
BRDA:24,2,2,45
BRDA:24,2,3,43
BRDA:33,3,0,2
BRDA:33,3,1,12
BRDA:33,4,0,14
BRDA:33,4,1,13
BRDA:38,5,0,3
BRDA:38,5,1,33
BRF:14
BRH:13
end_of_record
TN:
SF:src/components/Counter.tsx
FN:4,Counter
FN:8,(anonymous_1)
FNF:2
FNH:2
FNDA:9,Counter
FNDA:3,(anonymous_1)
DA:5,9
DA:6,9
DA:8,3
LF:3
LH:3
BRF:0
BRH:0
end_of_record
TN:
SF:src/interfaces/answer.ts
FNF:0
FNH:0
LF:0
LH:0
BRF:0
BRH:0
end_of_record
TN:
SF:src/interfaces/card.ts
FNF:0
FNH:0
LF:0
LH:0
BRF:0
BRH:0
end_of_record
TN:
SF:src/interfaces/question.ts
FNF:0
FNH:0
LF:0
LH:0
BRF:0
BRH:0
end_of_record
