<?xml version="1.0" encoding="UTF-8"?>
<coverage generated="1669430936912" clover="3.2.0">
  <project timestamp="1669430936912" name="All files">
    <metrics statements="41" coveredstatements="12" conditionals="17" coveredconditionals="6" methods="16" coveredmethods="6" elements="74" coveredelements="24" complexity="0" loc="41" ncloc="41" packages="3" files="9" classes="9"/>
    <package name="src">
      <metrics statements="38" coveredstatements="9" conditionals="17" coveredconditionals="6" methods="14" coveredmethods="4"/>
      <file name="App.tsx" path="/home/josh/Desktop/COS520/TeamC/Unintegrated Backend/josh/src/App.tsx">
        <metrics statements="1" coveredstatements="1" conditionals="0" coveredconditionals="0" methods="1" coveredmethods="1"/>
        <line num="8" count="1" type="stmt"/>
      </file>
      <file name="example.ts" path="/home/josh/Desktop/COS520/TeamC/Unintegrated Backend/josh/src/example.ts">
        <metrics statements="7" coveredstatements="0" conditionals="2" coveredconditionals="0" methods="3" coveredmethods="0"/>
        <line num="17" count="0" type="stmt"/>
        <line num="18" count="0" type="stmt"/>
        <line num="21" count="0" type="stmt"/>
        <line num="22" count="0" type="stmt"/>
        <line num="24" count="0" type="cond" truecount="0" falsecount="2"/>
        <line num="26" count="0" type="stmt"/>
        <line num="31" count="0" type="stmt"/>
      </file>
      <file name="export.ts" path="/home/josh/Desktop/COS520/TeamC/Unintegrated Backend/josh/src/export.ts">
        <metrics statements="16" coveredstatements="8" conditionals="11" coveredconditionals="6" methods="4" coveredmethods="3"/>
        <line num="8" count="3" type="cond" truecount="1" falsecount="1"/>
        <line num="9" count="0" type="stmt"/>
        <line num="11" count="3" type="stmt"/>
        <line num="12" count="3" type="stmt"/>
        <line num="13" count="9" type="cond" truecount="1" falsecount="1"/>
        <line num="14" count="0" type="stmt"/>
        <line num="17" count="3" type="stmt"/>
        <line num="22" count="3" type="cond" truecount="4" falsecount="0"/>
        <line num="26" count="3" type="stmt"/>
        <line num="35" count="1" type="stmt"/>
        <line num="41" count="0" type="cond" truecount="0" falsecount="2"/>
        <line num="42" count="0" type="stmt"/>
        <line num="44" count="0" type="stmt"/>
        <line num="45" count="0" type="stmt"/>
        <line num="46" count="0" type="stmt"/>
        <line num="58" count="0" type="stmt"/>
      </file>
      <file name="import.ts" path="/home/josh/Desktop/COS520/TeamC/Unintegrated Backend/josh/src/import.ts">
        <metrics statements="7" coveredstatements="0" conditionals="2" coveredconditionals="0" methods="3" coveredmethods="0"/>
        <line num="17" count="0" type="stmt"/>
        <line num="18" count="0" type="stmt"/>
        <line num="21" count="0" type="stmt"/>
        <line num="22" count="0" type="stmt"/>
        <line num="24" count="0" type="cond" truecount="0" falsecount="2"/>
        <line num="26" count="0" type="stmt"/>
        <line num="31" count="0" type="stmt"/>
      </file>
      <file name="scheduler.ts" path="/home/josh/Desktop/COS520/TeamC/Unintegrated Backend/josh/src/scheduler.ts">
        <metrics statements="7" coveredstatements="0" conditionals="2" coveredconditionals="0" methods="3" coveredmethods="0"/>
        <line num="17" count="0" type="stmt"/>
        <line num="18" count="0" type="stmt"/>
        <line num="21" count="0" type="stmt"/>
        <line num="22" count="0" type="stmt"/>
        <line num="24" count="0" type="cond" truecount="0" falsecount="2"/>
        <line num="26" count="0" type="stmt"/>
        <line num="31" count="0" type="stmt"/>
      </file>
    </package>
    <package name="src.components">
      <metrics statements="3" coveredstatements="3" conditionals="0" coveredconditionals="0" methods="2" coveredmethods="2"/>
      <file name="Counter.tsx" path="/home/josh/Desktop/COS520/TeamC/Unintegrated Backend/josh/src/components/Counter.tsx">
        <metrics statements="3" coveredstatements="3" conditionals="0" coveredconditionals="0" methods="2" coveredmethods="2"/>
        <line num="5" count="9" type="stmt"/>
        <line num="6" count="9" type="stmt"/>
        <line num="8" count="3" type="stmt"/>
      </file>
    </package>
    <package name="src.interfaces">
      <metrics statements="0" coveredstatements="0" conditionals="0" coveredconditionals="0" methods="0" coveredmethods="0"/>
      <file name="answer.ts" path="/home/josh/Desktop/COS520/TeamC/Unintegrated Backend/josh/src/interfaces/answer.ts">
        <metrics statements="0" coveredstatements="0" conditionals="0" coveredconditionals="0" methods="0" coveredmethods="0"/>
      </file>
      <file name="card.ts" path="/home/josh/Desktop/COS520/TeamC/Unintegrated Backend/josh/src/interfaces/card.ts">
        <metrics statements="0" coveredstatements="0" conditionals="0" coveredconditionals="0" methods="0" coveredmethods="0"/>
      </file>
      <file name="question.ts" path="/home/josh/Desktop/COS520/TeamC/Unintegrated Backend/josh/src/interfaces/question.ts">
        <metrics statements="0" coveredstatements="0" conditionals="0" coveredconditionals="0" methods="0" coveredmethods="0"/>
      </file>
    </package>
  </project>
</coverage>
