{"/home/josh/Desktop/COS520/TeamC/Unintegrated Backend/josh/src/App.tsx": {"path":"/home/josh/Desktop/COS520/TeamC/Unintegrated Backend/josh/src/App.tsx","statementMap":{"0":{"start":{"line":8,"column":4},"end":{"line":17,"column":6}}},"fnMap":{"0":{"name":"App","decl":{"start":{"line":7,"column":9},"end":{"line":7,"column":12}},"loc":{"start":{"line":7,"column":28},"end":{"line":18,"column":1}},"line":7}},"branchMap":{},"s":{"0":1},"f":{"0":1},"b":{},"_coverageSchema":"1a1c01bbd47fc00a2c39e90264f33305004495a9","hash":"2f90c54ae61263e653815705e98003283a458794"}
,"/home/josh/Desktop/COS520/TeamC/Unintegrated Backend/josh/src/example.ts": {"path":"/home/josh/Desktop/COS520/TeamC/Unintegrated Backend/josh/src/example.ts","statementMap":{"0":{"start":{"line":17,"column":25},"end":{"line":19,"column":5}},"1":{"start":{"line":18,"column":43},"end":{"line":18,"column":58}},"2":{"start":{"line":21,"column":18},"end":{"line":23,"column":5}},"3":{"start":{"line":22,"column":41},"end":{"line":22,"column":65}},"4":{"start":{"line":24,"column":4},"end":{"line":27,"column":5}},"5":{"start":{"line":26,"column":8},"end":{"line":26,"column":29}},"6":{"start":{"line":31,"column":4},"end":{"line":31,"column":24}}},"fnMap":{"0":{"name":"renameQuestionById","decl":{"start":{"line":11,"column":16},"end":{"line":11,"column":34}},"loc":{"start":{"line":15,"column":14},"end":{"line":32,"column":1}},"line":15},"1":{"name":"(anonymous_1)","decl":{"start":{"line":18,"column":8},"end":{"line":18,"column":9}},"loc":{"start":{"line":18,"column":43},"end":{"line":18,"column":58}},"line":18},"2":{"name":"(anonymous_2)","decl":{"start":{"line":22,"column":8},"end":{"line":22,"column":9}},"loc":{"start":{"line":22,"column":41},"end":{"line":22,"column":65}},"line":22}},"branchMap":{"0":{"loc":{"start":{"line":24,"column":4},"end":{"line":27,"column":5}},"type":"if","locations":[{"start":{"line":24,"column":4},"end":{"line":27,"column":5}},{"start":{},"end":{}}],"line":24}},"s":{"0":0,"1":0,"2":0,"3":0,"4":0,"5":0,"6":0},"f":{"0":0,"1":0,"2":0},"b":{"0":[0,0]}}
,"/home/josh/Desktop/COS520/TeamC/Unintegrated Backend/josh/src/export.ts": {"path":"/home/josh/Desktop/COS520/TeamC/Unintegrated Backend/josh/src/export.ts","statementMap":{"0":{"start":{"line":8,"column":4},"end":{"line":10,"column":5}},"1":{"start":{"line":9,"column":8},"end":{"line":9,"column":21}},"2":{"start":{"line":11,"column":18},"end":{"line":11,"column":22}},"3":{"start":{"line":12,"column":4},"end":{"line":16,"column":7}},"4":{"start":{"line":13,"column":8},"end":{"line":15,"column":9}},"5":{"start":{"line":14,"column":12},"end":{"line":14,"column":28}},"6":{"start":{"line":17,"column":4},"end":{"line":17,"column":19}},"7":{"start":{"line":22,"column":8},"end":{"line":25,"column":45}},"8":{"start":{"line":26,"column":4},"end":{"line":26,"column":19}},"9":{"start":{"line":35,"column":12},"end":{"line":35,"column":29}},"10":{"start":{"line":41,"column":4},"end":{"line":43,"column":5}},"11":{"start":{"line":42,"column":8},"end":{"line":42,"column":26}},"12":{"start":{"line":44,"column":4},"end":{"line":44,"column":72}},"13":{"start":{"line":45,"column":4},"end":{"line":45,"column":73}},"14":{"start":{"line":46,"column":4},"end":{"line":46,"column":48}},"15":{"start":{"line":58,"column":4},"end":{"line":58,"column":16}}},"fnMap":{"0":{"name":"arrayEquality","decl":{"start":{"line":7,"column":16},"end":{"line":7,"column":29}},"loc":{"start":{"line":7,"column":79},"end":{"line":18,"column":1}},"line":7},"1":{"name":"(anonymous_1)","decl":{"start":{"line":12,"column":17},"end":{"line":12,"column":18}},"loc":{"start":{"line":12,"column":58},"end":{"line":16,"column":5}},"line":12},"2":{"name":"cardEquality","decl":{"start":{"line":20,"column":16},"end":{"line":20,"column":28}},"loc":{"start":{"line":20,"column":68},"end":{"line":27,"column":1}},"line":20},"3":{"name":"exportCards","decl":{"start":{"line":36,"column":16},"end":{"line":36,"column":27}},"loc":{"start":{"line":40,"column":11},"end":{"line":59,"column":1}},"line":40}},"branchMap":{"0":{"loc":{"start":{"line":8,"column":4},"end":{"line":10,"column":5}},"type":"if","locations":[{"start":{"line":8,"column":4},"end":{"line":10,"column":5}},{"start":{},"end":{}}],"line":8},"1":{"loc":{"start":{"line":13,"column":8},"end":{"line":15,"column":9}},"type":"if","locations":[{"start":{"line":13,"column":8},"end":{"line":15,"column":9}},{"start":{},"end":{}}],"line":13},"2":{"loc":{"start":{"line":22,"column":8},"end":{"line":25,"column":45}},"type":"binary-expr","locations":[{"start":{"line":22,"column":8},"end":{"line":22,"column":39}},{"start":{"line":23,"column":8},"end":{"line":23,"column":37}},{"start":{"line":24,"column":8},"end":{"line":24,"column":51}},{"start":{"line":25,"column":8},"end":{"line":25,"column":45}}],"line":22},"3":{"loc":{"start":{"line":39,"column":4},"end":{"line":39,"column":15}},"type":"default-arg","locations":[{"start":{"line":39,"column":13},"end":{"line":39,"column":15}}],"line":39},"4":{"loc":{"start":{"line":41,"column":4},"end":{"line":43,"column":5}},"type":"if","locations":[{"start":{"line":41,"column":4},"end":{"line":43,"column":5}},{"start":{},"end":{}}],"line":41}},"s":{"0":3,"1":0,"2":3,"3":3,"4":9,"5":0,"6":3,"7":3,"8":3,"9":1,"10":0,"11":0,"12":0,"13":0,"14":0,"15":0},"f":{"0":3,"1":9,"2":3,"3":0},"b":{"0":[0,3],"1":[0,9],"2":[3,3,3,3],"3":[0],"4":[0,0]},"_coverageSchema":"1a1c01bbd47fc00a2c39e90264f33305004495a9","hash":"55ffd828b2fdb020b6ebdec6e612212ad66e6448"}
,"/home/josh/Desktop/COS520/TeamC/Unintegrated Backend/josh/src/import.ts": {"path":"/home/josh/Desktop/COS520/TeamC/Unintegrated Backend/josh/src/import.ts","statementMap":{"0":{"start":{"line":17,"column":25},"end":{"line":19,"column":5}},"1":{"start":{"line":18,"column":43},"end":{"line":18,"column":58}},"2":{"start":{"line":21,"column":18},"end":{"line":23,"column":5}},"3":{"start":{"line":22,"column":41},"end":{"line":22,"column":65}},"4":{"start":{"line":24,"column":4},"end":{"line":27,"column":5}},"5":{"start":{"line":26,"column":8},"end":{"line":26,"column":29}},"6":{"start":{"line":31,"column":4},"end":{"line":31,"column":24}}},"fnMap":{"0":{"name":"renameQuestionById","decl":{"start":{"line":11,"column":16},"end":{"line":11,"column":34}},"loc":{"start":{"line":15,"column":14},"end":{"line":32,"column":1}},"line":15},"1":{"name":"(anonymous_1)","decl":{"start":{"line":18,"column":8},"end":{"line":18,"column":9}},"loc":{"start":{"line":18,"column":43},"end":{"line":18,"column":58}},"line":18},"2":{"name":"(anonymous_2)","decl":{"start":{"line":22,"column":8},"end":{"line":22,"column":9}},"loc":{"start":{"line":22,"column":41},"end":{"line":22,"column":65}},"line":22}},"branchMap":{"0":{"loc":{"start":{"line":24,"column":4},"end":{"line":27,"column":5}},"type":"if","locations":[{"start":{"line":24,"column":4},"end":{"line":27,"column":5}},{"start":{},"end":{}}],"line":24}},"s":{"0":0,"1":0,"2":0,"3":0,"4":0,"5":0,"6":0},"f":{"0":0,"1":0,"2":0},"b":{"0":[0,0]}}
,"/home/josh/Desktop/COS520/TeamC/Unintegrated Backend/josh/src/scheduler.ts": {"path":"/home/josh/Desktop/COS520/TeamC/Unintegrated Backend/josh/src/scheduler.ts","statementMap":{"0":{"start":{"line":17,"column":25},"end":{"line":19,"column":5}},"1":{"start":{"line":18,"column":43},"end":{"line":18,"column":58}},"2":{"start":{"line":21,"column":18},"end":{"line":23,"column":5}},"3":{"start":{"line":22,"column":41},"end":{"line":22,"column":65}},"4":{"start":{"line":24,"column":4},"end":{"line":27,"column":5}},"5":{"start":{"line":26,"column":8},"end":{"line":26,"column":29}},"6":{"start":{"line":31,"column":4},"end":{"line":31,"column":24}}},"fnMap":{"0":{"name":"renameQuestionById","decl":{"start":{"line":11,"column":16},"end":{"line":11,"column":34}},"loc":{"start":{"line":15,"column":14},"end":{"line":32,"column":1}},"line":15},"1":{"name":"(anonymous_1)","decl":{"start":{"line":18,"column":8},"end":{"line":18,"column":9}},"loc":{"start":{"line":18,"column":43},"end":{"line":18,"column":58}},"line":18},"2":{"name":"(anonymous_2)","decl":{"start":{"line":22,"column":8},"end":{"line":22,"column":9}},"loc":{"start":{"line":22,"column":41},"end":{"line":22,"column":65}},"line":22}},"branchMap":{"0":{"loc":{"start":{"line":24,"column":4},"end":{"line":27,"column":5}},"type":"if","locations":[{"start":{"line":24,"column":4},"end":{"line":27,"column":5}},{"start":{},"end":{}}],"line":24}},"s":{"0":0,"1":0,"2":0,"3":0,"4":0,"5":0,"6":0},"f":{"0":0,"1":0,"2":0},"b":{"0":[0,0]}}
,"/home/josh/Desktop/COS520/TeamC/Unintegrated Backend/josh/src/components/Counter.tsx": {"path":"/home/josh/Desktop/COS520/TeamC/Unintegrated Backend/josh/src/components/Counter.tsx","statementMap":{"0":{"start":{"line":5,"column":30},"end":{"line":5,"column":49}},"1":{"start":{"line":6,"column":4},"end":{"line":11,"column":6}},"2":{"start":{"line":8,"column":35},"end":{"line":8,"column":54}}},"fnMap":{"0":{"name":"Counter","decl":{"start":{"line":4,"column":16},"end":{"line":4,"column":23}},"loc":{"start":{"line":4,"column":39},"end":{"line":12,"column":1}},"line":4},"1":{"name":"(anonymous_1)","decl":{"start":{"line":8,"column":29},"end":{"line":8,"column":30}},"loc":{"start":{"line":8,"column":35},"end":{"line":8,"column":54}},"line":8}},"branchMap":{},"s":{"0":9,"1":9,"2":3},"f":{"0":9,"1":3},"b":{},"_coverageSchema":"1a1c01bbd47fc00a2c39e90264f33305004495a9","hash":"8aacb3d84d8be2b57b4325bdbd77e44066070158"}
,"/home/josh/Desktop/COS520/TeamC/Unintegrated Backend/josh/src/interfaces/answer.ts": {"path":"/home/josh/Desktop/COS520/TeamC/Unintegrated Backend/josh/src/interfaces/answer.ts","statementMap":{},"fnMap":{},"branchMap":{},"s":{},"f":{},"b":{}}
,"/home/josh/Desktop/COS520/TeamC/Unintegrated Backend/josh/src/interfaces/card.ts": {"path":"/home/josh/Desktop/COS520/TeamC/Unintegrated Backend/josh/src/interfaces/card.ts","statementMap":{},"fnMap":{},"branchMap":{},"s":{},"f":{},"b":{}}
,"/home/josh/Desktop/COS520/TeamC/Unintegrated Backend/josh/src/interfaces/question.ts": {"path":"/home/josh/Desktop/COS520/TeamC/Unintegrated Backend/josh/src/interfaces/question.ts","statementMap":{},"fnMap":{},"branchMap":{},"s":{},"f":{},"b":{}}
}
