TN:
SF:src/App.tsx
FN:7,App
FNF:1
FNH:1
FNDA:1,App
DA:8,1
LF:1
LH:1
BRF:0
BRH:0
end_of_record
TN:
SF:src/example.ts
FN:11,renameQuestionById
FN:18,(anonymous_1)
FN:22,(anonymous_2)
FNF:3
FNH:0
FNDA:0,renameQuestionById
FNDA:0,(anonymous_1)
FNDA:0,(anonymous_2)
DA:17,0
DA:18,0
DA:21,0
DA:22,0
DA:24,0
DA:26,0
DA:31,0
LF:7
LH:0
BRDA:24,0,0,0
BRDA:24,0,1,0
BRF:2
BRH:0
end_of_record
TN:
SF:src/export.ts
FN:7,arrayEquality
FN:12,(anonymous_1)
FN:20,cardEquality
FN:36,exportCards
FNF:4
FNH:3
FNDA:3,arrayEquality
FNDA:9,(anonymous_1)
FNDA:3,cardEquality
FNDA:0,exportCards
DA:8,3
DA:9,0
DA:11,3
DA:12,3
DA:13,9
DA:14,0
DA:17,3
DA:22,3
DA:26,3
DA:35,1
DA:41,0
DA:42,0
DA:44,0
DA:45,0
DA:46,0
DA:58,0
LF:16
LH:8
BRDA:8,0,0,0
BRDA:8,0,1,3
BRDA:13,1,0,0
BRDA:13,1,1,9
BRDA:22,2,0,3
BRDA:22,2,1,3
BRDA:22,2,2,3
BRDA:22,2,3,3
BRDA:39,3,0,0
BRDA:41,4,0,0
BRDA:41,4,1,0
BRF:11
BRH:6
end_of_record
TN:
SF:src/import.ts
FN:11,renameQuestionById
FN:18,(anonymous_1)
FN:22,(anonymous_2)
FNF:3
FNH:0
FNDA:0,renameQuestionById
FNDA:0,(anonymous_1)
FNDA:0,(anonymous_2)
DA:17,0
DA:18,0
DA:21,0
DA:22,0
DA:24,0
DA:26,0
DA:31,0
LF:7
LH:0
BRDA:24,0,0,0
BRDA:24,0,1,0
BRF:2
BRH:0
end_of_record
TN:
SF:src/scheduler.ts
FN:11,renameQuestionById
FN:18,(anonymous_1)
FN:22,(anonymous_2)
FNF:3
FNH:0
FNDA:0,renameQuestionById
FNDA:0,(anonymous_1)
FNDA:0,(anonymous_2)
DA:17,0
DA:18,0
DA:21,0
DA:22,0
DA:24,0
DA:26,0
DA:31,0
LF:7
LH:0
BRDA:24,0,0,0
BRDA:24,0,1,0
BRF:2
BRH:0
end_of_record
TN:
SF:src/components/Counter.tsx
FN:4,Counter
FN:8,(anonymous_1)
FNF:2
FNH:2
FNDA:9,Counter
FNDA:3,(anonymous_1)
DA:5,9
DA:6,9
DA:8,3
LF:3
LH:3
BRF:0
BRH:0
end_of_record
TN:
SF:src/interfaces/answer.ts
FNF:0
FNH:0
LF:0
LH:0
BRF:0
BRH:0
end_of_record
TN:
SF:src/interfaces/card.ts
FNF:0
FNH:0
LF:0
LH:0
BRF:0
BRH:0
end_of_record
TN:
SF:src/interfaces/question.ts
FNF:0
FNH:0
LF:0
LH:0
BRF:0
BRH:0
end_of_record
